<?xml version="1.0" encoding="UTF-8"?>
<!-- Generated by org.testng.reporters.JUnitXMLReporter -->
<testsuite ignored="7" hostname="DESKTOP-AQVOTS7" failures="0" tests="1" name="Default test" time="18.216" errors="0" timestamp="2025-01-07T19:34:55 EET">
  <testcase classname="MyTestCasesInAutomation" name="Web_Table_Example" time="0.421"/>
  <testcase classname="MyTestCasesInAutomation" name="Radio_Button_Example" time="0.0">
    <ignored/>
  </testcase> <!-- Radio_Button_Example -->
  <testcase classname="MyTestCasesInAutomation" name="Switch_To_Alert_Example" time="0.0">
    <ignored/>
  </testcase> <!-- Switch_To_Alert_Example -->
  <testcase classname="MyTestCasesInAutomation" name="Switch_Window_Example" time="0.0">
    <ignored/>
  </testcase> <!-- Switch_Window_Example -->
  <testcase classname="MyTestCasesInAutomation" name="Checkbox_Example" time="0.0">
    <ignored/>
  </testcase> <!-- Checkbox_Example -->
  <testcase classname="MyTestCasesInAutomation" name="Switch_Tab_Example" time="0.0">
    <ignored/>
  </testcase> <!-- Switch_Tab_Example -->
  <testcase classname="MyTestCasesInAutomation" name="Static_Dropdown_Example" time="0.0">
    <ignored/>
  </testcase> <!-- Static_Dropdown_Example -->
  <testcase classname="MyTestCasesInAutomation" name="Dynamic_Dropdown_Example" time="0.0">
    <ignored/>
  </testcase> <!-- Dynamic_Dropdown_Example -->
</testsuite> <!-- Default test -->
