<?xml version="1.0" encoding="UTF-8"?>
<testng-results ignored="5" total="7" passed="2" failed="0" skipped="0">
  <reporter-output>
  </reporter-output>
  <suite started-at="2025-01-05T02:26:44 EET" name="Default suite" finished-at="2025-01-05T02:27:14 EET" duration-ms="29920">
    <groups>
    </groups>
    <test started-at="2025-01-05T02:26:44 EET" name="Default test" finished-at="2025-01-05T02:27:14 EET" duration-ms="29920">
      <class name="MyTestCases">
        <test-method is-config="true" signature="mySetup()[pri:0, instance:MyTestCases@ff684e1]" started-at="2025-01-05T02:26:44 EET" name="mySetup" finished-at="2025-01-05T02:26:55 EET" duration-ms="11764" status="PASS">
          <reporter-output>
          </reporter-output>
        </test-method> <!-- mySetup -->
        <test-method signature="Switch_Window_Example()[pri:5, instance:MyTestCases@ff684e1]" started-at="2025-01-05T02:26:55 EET" name="Switch_Window_Example" description="THis Test To Move from Window To Other " finished-at="2025-01-05T02:27:10 EET" duration-ms="14174" status="PASS">
          <reporter-output>
          </reporter-output>
        </test-method> <!-- Switch_Window_Example -->
        <test-method signature="Switch_Tab_Example()[pri:6, instance:MyTestCases@ff684e1]" started-at="2025-01-05T02:27:10 EET" name="Switch_Tab_Example" description="Move to other Tap" finished-at="2025-01-05T02:27:14 EET" duration-ms="3924" status="PASS">
          <reporter-output>
          </reporter-output>
        </test-method> <!-- Switch_Tab_Example -->
      </class> <!-- MyTestCases -->
    </test> <!-- Default test -->
  </suite> <!-- Default suite -->
</testng-results>
