<?xml version="1.0" encoding="UTF-8"?>
<testng-results ignored="14" total="15" passed="1" failed="0" skipped="0">
  <reporter-output>
  </reporter-output>
  <suite started-at="2025-01-11T20:05:49 EET" name="Default suite" finished-at="2025-01-11T20:06:00 EET" duration-ms="11135">
    <groups>
    </groups>
    <test started-at="2025-01-11T20:05:49 EET" name="Default test" finished-at="2025-01-11T20:06:00 EET" duration-ms="11135">
      <class name="MyTestCasesInAutomation">
        <test-method is-config="true" signature="mySetup()[pri:0, instance:MyTestCasesInAutomation@2cc44ad]" started-at="2025-01-11T20:05:49 EET" name="mySetup" finished-at="2025-01-11T20:06:00 EET" duration-ms="10623" status="PASS">
          <reporter-output>
          </reporter-output>
        </test-method> <!-- mySetup -->
        <test-method signature="Download_Example()[pri:14, instance:MyTestCasesInAutomation@2cc44ad]" started-at="2025-01-11T20:06:00 EET" name="Download_Example" description="Download File in the main Page" finished-at="2025-01-11T20:06:00 EET" duration-ms="466" status="PASS">
          <reporter-output>
          </reporter-output>
        </test-method> <!-- Download_Example -->
      </class> <!-- MyTestCasesInAutomation -->
    </test> <!-- Default test -->
  </suite> <!-- Default suite -->
</testng-results>
